<?xml version="1.0" encoding="UTF-8"?>
<testsuite name="HelloTestUnitTest" tests="1" skipped="0" failures="0" errors="0" timestamp="2018-03-14T04:15:53" hostname="56d1f915a3ed" time="0.002">
  <properties/>
  <testcase name="addition_isCorrect" classname="HelloTestUnitTest" time="0.002"/>
  <system-out><![CDATA[]]></system-out>
  <system-err><![CDATA[]]></system-err>
</testsuite>
